[INFO ] 2022-28-07 17:28:11.104 [main] VTigerLeads - ..........user_already_in_login_page(),Started..........
[INFO ] 2022-28-07 17:28:35.903 [main] VTigerLeads - WebDriver initialized, Chrome browser open
[INFO ] 2022-28-07 17:28:36.589 [main] VTigerLeads - ...........user login successfully with valid data(), Started.............
[INFO ] 2022-28-07 17:28:43.488 [main] VTigerLeads - User login Successfully
[INFO ] 2022-28-07 17:28:43.490 [main] VTigerLeads - ..............click on navigation bar(), Started...........
[INFO ] 2022-29-07 17:29:43.977 [main] VTigerLeads - ..........user_already_in_login_page(),Started..........
[INFO ] 2022-30-07 17:30:00.833 [main] VTigerLeads - WebDriver initialized, Chrome browser open
[INFO ] 2022-30-07 17:30:00.837 [main] VTigerLeads - ...........user login successfully with valid data(), Started.............
[INFO ] 2022-31-07 17:31:00.986 [main] VTigerLeads - ..........user_already_in_login_page(),Started..........
[INFO ] 2022-31-07 17:31:21.903 [main] VTigerLeads - WebDriver initialized, Chrome browser open
[INFO ] 2022-31-07 17:31:21.909 [main] VTigerLeads - ...........user login successfully with valid data(), Started.............
[INFO ] 2022-34-07 17:34:54.702 [main] VTigerLeads - ..........user_already_in_login_page(),Started..........
[INFO ] 2022-35-07 17:35:16.888 [main] VTigerLeads - WebDriver initialized, Chrome browser open
[INFO ] 2022-35-07 17:35:16.939 [main] VTigerLeads - ...........user login successfully with valid data(), Started.............
[INFO ] 2022-36-07 17:36:17.422 [main] VTigerLeads - ..........user_already_in_login_page(),Started..........
[INFO ] 2022-36-07 17:36:48.488 [main] VTigerLeads - WebDriver initialized, Chrome browser open
[INFO ] 2022-36-07 17:36:48.496 [main] VTigerLeads - ...........user login successfully with valid data(), Started.............
[INFO ] 2022-37-07 17:37:48.715 [main] VTigerLeads - ..........user_already_in_login_page(),Started..........
[INFO ] 2022-38-07 17:38:17.951 [main] VTigerLeads - WebDriver initialized, Chrome browser open
[INFO ] 2022-38-07 17:38:17.961 [main] VTigerLeads - ...........user login successfully with valid data(), Started.............
[INFO ] 2022-38-07 17:38:30.439 [main] VTigerLeads - User login Successfully
[INFO ] 2022-38-07 17:38:30.440 [main] VTigerLeads - ..............click on navigation bar(), Started...........
